Using pre-set license
Built from '2020.3/staging' branch; Version is '2020.3.5f1 (8095aa901b9b) revision 8426922'; Using compiler version '192528614'; Build Type 'Release'
OS: 'Windows 10 Pro; OS build 19042.985; Version 2009; 64bit' Language: 'ko' Physical Memory: 32697 MB
BatchMode: 1, IsHumanControllingUs: 0, StartBugReporterOnCrash: 0, Is64bit: 1, IsPro: 0

 COMMAND LINE ARGUMENTS:
C:\Program Files\Unity\Hub\Editor\2020.3.5f1\Editor\Unity.exe
-adb2
-batchMode
-noUpm
-name
AssetImportWorker0
-projectPath
C:/Users/choisuah/Desktop/유니티 저장파일/1
-logFile
Logs/AssetImportWorker0.log
-srvPort
52326
Successfully changed project path to: C:/Users/choisuah/Desktop/유니티 저장파일/1
C:/Users/choisuah/Desktop/유니티 저장파일/1
Using Asset Import Pipeline V2.
Refreshing native plugins compatible for Editor in 37.91 ms, found 2 plugins.
Preloading 0 native plugins for Editor in 0.00 ms.
Initialize engine version: 2020.3.5f1 (8095aa901b9b)
[Subsystems] Discovering subsystems at path C:/Program Files/Unity/Hub/Editor/2020.3.5f1/Editor/Data/Resources/UnitySubsystems
[Subsystems] Discovering subsystems at path C:/Users/choisuah/Desktop/유니티 저장파일/1/Assets
GfxDevice: creating device client; threaded=0
Direct3D:
    Version:  Direct3D 11.0 [level 11.1]
    Renderer: NVIDIA GeForce GTX 1660 SUPER (ID=0x21c4)
    Vendor:   
    VRAM:     5991 MB
    Driver:   27.21.14.6140
Initialize mono
Mono path[0] = 'C:/Program Files/Unity/Hub/Editor/2020.3.5f1/Editor/Data/Managed'
Mono path[1] = 'C:/Program Files/Unity/Hub/Editor/2020.3.5f1/Editor/Data/MonoBleedingEdge/lib/mono/unityjit'
Mono config path = 'C:/Program Files/Unity/Hub/Editor/2020.3.5f1/Editor/Data/MonoBleedingEdge/etc'
Using monoOptions --debugger-agent=transport=dt_socket,embedding=1,server=y,suspend=n,address=127.0.0.1:56416
Begin MonoManager ReloadAssembly
Registering precompiled unity dll's ...
Register platform support module: C:/Program Files/Unity/Hub/Editor/2020.3.5f1/Editor/Data/PlaybackEngines/WindowsStandaloneSupport/UnityEditor.WindowsStandalone.Extensions.dll
Registered in 0.001686 seconds.
Native extension for WindowsStandalone target not found
Refreshing native plugins compatible for Editor in 33.46 ms, found 2 plugins.
Preloading 0 native plugins for Editor in 0.00 ms.
Mono: successfully reloaded assembly
- Completed reload, in  0.948 seconds
Platform modules already initialized, skipping
Registering precompiled user dll's ...
Registered in 0.006659 seconds.
Begin MonoManager ReloadAssembly
Native extension for WindowsStandalone target not found
Refreshing native plugins compatible for Editor in 34.00 ms, found 2 plugins.
Preloading 0 native plugins for Editor in 0.00 ms.
Mono: successfully reloaded assembly
- Completed reload, in  0.919 seconds
Platform modules already initialized, skipping
========================================================================
Worker process is ready to serve import requests
Launched and connected shader compiler UnityShaderCompiler.exe after 0.04 seconds
Refreshing native plugins compatible for Editor in 0.40 ms, found 2 plugins.
Preloading 0 native plugins for Editor in 0.00 ms.
Unloading 1826 Unused Serialized files (Serialized files now loaded: 0)
System memory in use before: 88.6 MB.
System memory in use after: 88.5 MB.

Unloading 40 unused Assets to reduce memory usage. Loaded Objects now: 2337.
Total: 2.053600 ms (FindLiveObjects: 0.192100 ms CreateObjectMapping: 0.137500 ms MarkObjects: 1.587000 ms  DeleteObjects: 0.136400 ms)

========================================================================
Received Import Request.
  path: Assets/Player_Jump.anim
  artifactKey: Guid(a8c0a9454dfcc9f489e5d51bab2228b4) Importer(815301076,1909f56bfc062723c751e8b465ee728b)
Start importing Assets/Player_Jump.anim using Guid(a8c0a9454dfcc9f489e5d51bab2228b4) Importer(815301076,1909f56bfc062723c751e8b465ee728b)  -> (artifact id: 'd179f9e2b7b708046f289206e8219bb9') in 0.028930 seconds
  Import took 0.031825 seconds .

========================================================================
Received Import Request.
  Time since last request: 54.826116 seconds.
  path: Assets/New State Macro.asset
  artifactKey: Guid(e9432acd96161254b9ec49258b2fa24d) Importer(815301076,1909f56bfc062723c751e8b465ee728b)
Start importing Assets/New State Macro.asset using Guid(e9432acd96161254b9ec49258b2fa24d) Importer(815301076,1909f56bfc062723c751e8b465ee728b)  -> (artifact id: 'f0461b63405c3754d588f10f74f3e98f') in 0.055748 seconds
  Import took 0.058917 seconds .

========================================================================
Received Import Request.
  Time since last request: 262.132692 seconds.
  path: ProjectSettings/TagManager.asset
  artifactKey: Guid(00000000000000003000000000000000) Importer(815301076,1909f56bfc062723c751e8b465ee728b)
Start importing ProjectSettings/TagManager.asset using Guid(00000000000000003000000000000000) Importer(815301076,1909f56bfc062723c751e8b465ee728b)  -> (artifact id: '1c037ca2c5e51484f479ce63818a6327') in 0.005966 seconds
  Import took 0.009220 seconds .

========================================================================
Received Import Request.
  Time since last request: 302.822175 seconds.
  path: Assets/Bullet.png
  artifactKey: Guid(8cd7f0f2104239f42980e6802b815f12) Importer(815301076,1909f56bfc062723c751e8b465ee728b)
Start importing Assets/Bullet.png using Guid(8cd7f0f2104239f42980e6802b815f12) Importer(815301076,1909f56bfc062723c751e8b465ee728b)  -> (artifact id: '0d2331c6a8ac0952464c3a44d536575b') in 0.070272 seconds
  Import took 0.073357 seconds .

========================================================================
Received Import Request.
  Time since last request: 38.468965 seconds.
  path: Packages/com.unity.2d.sprite/Editor/ObjectMenuCreation/DefaultAssets/Textures/CircleWithBorder.png
  artifactKey: Guid(4adeaf2d2b1c7417e89f026626d8264f) Importer(815301076,1909f56bfc062723c751e8b465ee728b)
Start importing Packages/com.unity.2d.sprite/Editor/ObjectMenuCreation/DefaultAssets/Textures/CircleWithBorder.png using Guid(4adeaf2d2b1c7417e89f026626d8264f) Importer(815301076,1909f56bfc062723c751e8b465ee728b)  -> (artifact id: '15b120836a0787797e5f869659b5674e') in 0.020269 seconds
  Import took 0.023144 seconds .

========================================================================
Received Import Request.
  Time since last request: 0.000201 seconds.
  path: Packages/com.unity.2d.animation/Editor/Assets/SkinningModule/Icons/Light/Copy.png
  artifactKey: Guid(42f4b048501996743958df91513f824a) Importer(815301076,1909f56bfc062723c751e8b465ee728b)
Start importing Packages/com.unity.2d.animation/Editor/Assets/SkinningModule/Icons/Light/Copy.png using Guid(42f4b048501996743958df91513f824a) Importer(815301076,1909f56bfc062723c751e8b465ee728b)  -> (artifact id: 'a0167d462344ff892175b75ebbd4794e') in 0.018825 seconds
  Import took 0.021596 seconds .

========================================================================
Received Import Request.
  Time since last request: 0.000209 seconds.
  path: Packages/com.unity.2d.animation/Editor/Assets/SkinningModule/Icons/Selected/Copy.png
  artifactKey: Guid(678095381d851334fb550c5032ba1a81) Importer(815301076,1909f56bfc062723c751e8b465ee728b)
Start importing Packages/com.unity.2d.animation/Editor/Assets/SkinningModule/Icons/Selected/Copy.png using Guid(678095381d851334fb550c5032ba1a81) Importer(815301076,1909f56bfc062723c751e8b465ee728b)  -> (artifact id: 'e4e92e0c4fd5917c74dbe8ae6306db72') in 0.015661 seconds
  Import took 0.018346 seconds .

========================================================================
Received Import Request.
  Time since last request: 0.000208 seconds.
  path: Packages/com.unity.2d.sprite/Editor/ObjectMenuCreation/DefaultAssets/Textures/CircleMask.png
  artifactKey: Guid(87aaca0a643d54397ba969dab4fc8875) Importer(815301076,1909f56bfc062723c751e8b465ee728b)
Start importing Packages/com.unity.2d.sprite/Editor/ObjectMenuCreation/DefaultAssets/Textures/CircleMask.png using Guid(87aaca0a643d54397ba969dab4fc8875) Importer(815301076,1909f56bfc062723c751e8b465ee728b)  -> (artifact id: '2fc883c1b9053815a42fc188cfdfd61e') in 0.017879 seconds
  Import took 0.020495 seconds .

========================================================================
Received Import Request.
  Time since last request: 0.000227 seconds.
  path: Packages/com.unity.2d.sprite/Editor/ObjectMenuCreation/DefaultAssets/Textures/CircleWithBorder.png
  artifactKey: Guid(4adeaf2d2b1c7417e89f026626d8264f) Importer(815301076,1909f56bfc062723c751e8b465ee728b)
Start importing Packages/com.unity.2d.sprite/Editor/ObjectMenuCreation/DefaultAssets/Textures/CircleWithBorder.png using Guid(4adeaf2d2b1c7417e89f026626d8264f) Importer(815301076,1909f56bfc062723c751e8b465ee728b)  -> (artifact id: '15b120836a0787797e5f869659b5674e') in 0.014174 seconds
  Import took 0.016978 seconds .

========================================================================
Received Import Request.
  Time since last request: 0.000184 seconds.
  path: Packages/com.unity.2d.animation/Editor/Assets/SkinningModule/Icons/Selected/Copy@2x.png
  artifactKey: Guid(6cc5103edc9f0dd4f80e8274c73dfeac) Importer(815301076,1909f56bfc062723c751e8b465ee728b)
Start importing Packages/com.unity.2d.animation/Editor/Assets/SkinningModule/Icons/Selected/Copy@2x.png using Guid(6cc5103edc9f0dd4f80e8274c73dfeac) Importer(815301076,1909f56bfc062723c751e8b465ee728b)  -> (artifact id: '7e9813a984e6ae8f256146911db0cef5') in 0.023963 seconds
  Import took 0.026899 seconds .

========================================================================
Received Import Request.
  Time since last request: 0.685196 seconds.
  path: Packages/com.unity.2d.animation/Editor/Assets/SkinningModule/Icons/Light/Copy@2x.png
  artifactKey: Guid(2e0cf451cb3d56742aad87ea75993209) Importer(815301076,1909f56bfc062723c751e8b465ee728b)
Start importing Packages/com.unity.2d.animation/Editor/Assets/SkinningModule/Icons/Light/Copy@2x.png using Guid(2e0cf451cb3d56742aad87ea75993209) Importer(815301076,1909f56bfc062723c751e8b465ee728b)  -> (artifact id: '520e196f122d723d0137e24f03ad0147') in 0.018030 seconds
  Import took 0.021406 seconds .

========================================================================
Received Import Request.
  Time since last request: 0.000213 seconds.
  path: Packages/com.unity.2d.animation/Editor/Assets/SkinningModule/Icons/Light/Copy@3x.png
  artifactKey: Guid(55ad4b6109677be42b239f450ce98c29) Importer(815301076,1909f56bfc062723c751e8b465ee728b)
Start importing Packages/com.unity.2d.animation/Editor/Assets/SkinningModule/Icons/Light/Copy@3x.png using Guid(55ad4b6109677be42b239f450ce98c29) Importer(815301076,1909f56bfc062723c751e8b465ee728b)  -> (artifact id: 'ffda5d2f087d74436ed0604143710a56') in 0.015898 seconds
  Import took 0.018512 seconds .

========================================================================
Received Import Request.
  Time since last request: 0.051153 seconds.
  path: Packages/com.unity.2d.animation/Editor/Assets/SkinningModule/Icons/Selected/Copy@3x.png
  artifactKey: Guid(bb51334c6930f864abac38001f7bdf6e) Importer(815301076,1909f56bfc062723c751e8b465ee728b)
Start importing Packages/com.unity.2d.animation/Editor/Assets/SkinningModule/Icons/Selected/Copy@3x.png using Guid(bb51334c6930f864abac38001f7bdf6e) Importer(815301076,1909f56bfc062723c751e8b465ee728b)  -> (artifact id: '61bb32a0ca77c9757cba3a113565175f') in 0.014557 seconds
  Import took 0.017386 seconds .

========================================================================
Received Import Request.
  Time since last request: 0.133830 seconds.
  path: Packages/com.unity.2d.animation/Editor/Assets/SkinningModule/Icons/Light/Copy@4x.png
  artifactKey: Guid(5430b5412bcac5b4986be0a875a5e978) Importer(815301076,1909f56bfc062723c751e8b465ee728b)
Start importing Packages/com.unity.2d.animation/Editor/Assets/SkinningModule/Icons/Light/Copy@4x.png using Guid(5430b5412bcac5b4986be0a875a5e978) Importer(815301076,1909f56bfc062723c751e8b465ee728b)  -> (artifact id: 'a2983ee4f26b73c07db96943bbc13b79') in 0.016125 seconds
  Import took 0.019470 seconds .

========================================================================
Received Import Request.
  Time since last request: 0.712080 seconds.
  path: Packages/com.unity.2d.sprite/Editor/ObjectMenuCreation/DefaultAssets/Textures/CapsuleWithBorder.png
  artifactKey: Guid(34587324d412940a79d530020c957dc0) Importer(815301076,1909f56bfc062723c751e8b465ee728b)
Start importing Packages/com.unity.2d.sprite/Editor/ObjectMenuCreation/DefaultAssets/Textures/CapsuleWithBorder.png using Guid(34587324d412940a79d530020c957dc0) Importer(815301076,1909f56bfc062723c751e8b465ee728b)  -> (artifact id: '635e9428bfb27f5554a5aad419834f90') in 0.035941 seconds
  Import took 0.039343 seconds .

========================================================================
Received Import Request.
  Time since last request: 0.317162 seconds.
  path: Packages/com.unity.2d.sprite/Editor/ObjectMenuCreation/DefaultAssets/Textures/Capsule.png
  artifactKey: Guid(bd3cb4af8406d4436a2ae8c2aafe1f8d) Importer(815301076,1909f56bfc062723c751e8b465ee728b)
Start importing Packages/com.unity.2d.sprite/Editor/ObjectMenuCreation/DefaultAssets/Textures/Capsule.png using Guid(bd3cb4af8406d4436a2ae8c2aafe1f8d) Importer(815301076,1909f56bfc062723c751e8b465ee728b)  -> (artifact id: 'eb85014f30852fca596329e57d091113') in 0.022630 seconds
  Import took 0.025712 seconds .

========================================================================
Received Import Request.
  Time since last request: 0.001537 seconds.
  path: Packages/com.unity.2d.animation/Editor/Assets/SkinningModule/Icons/Light/Bone_Influence@4x.png
  artifactKey: Guid(c7aa62ae78ffca0498c89e5f45f94c0e) Importer(815301076,1909f56bfc062723c751e8b465ee728b)
Start importing Packages/com.unity.2d.animation/Editor/Assets/SkinningModule/Icons/Light/Bone_Influence@4x.png using Guid(c7aa62ae78ffca0498c89e5f45f94c0e) Importer(815301076,1909f56bfc062723c751e8b465ee728b)  -> (artifact id: 'fc32f84f88ca1d0c8db576358c23ad18') in 0.019775 seconds
  Import took 0.022571 seconds .

========================================================================
Received Import Request.
  Time since last request: 0.000282 seconds.
  path: Packages/com.unity.2d.animation/Editor/Assets/SkinningModule/Icons/Selected/Bone_Influence@4x.png
  artifactKey: Guid(daf2ab606d4db0d4f9ecf4c02137d2a8) Importer(815301076,1909f56bfc062723c751e8b465ee728b)
Start importing Packages/com.unity.2d.animation/Editor/Assets/SkinningModule/Icons/Selected/Bone_Influence@4x.png using Guid(daf2ab606d4db0d4f9ecf4c02137d2a8) Importer(815301076,1909f56bfc062723c751e8b465ee728b)  -> (artifact id: '44788dce689ba43cd05a3fccaf86d81b') in 0.019625 seconds
  Import took 0.022440 seconds .

========================================================================
Received Import Request.
  Time since last request: 0.215170 seconds.
  path: Packages/com.unity.2d.animation/Editor/Assets/SkinningModule/Icons/Light/Bone_Influence@3x.png
  artifactKey: Guid(cee9dbe90b270c944ae1dabf41c93b10) Importer(815301076,1909f56bfc062723c751e8b465ee728b)
Start importing Packages/com.unity.2d.animation/Editor/Assets/SkinningModule/Icons/Light/Bone_Influence@3x.png using Guid(cee9dbe90b270c944ae1dabf41c93b10) Importer(815301076,1909f56bfc062723c751e8b465ee728b)  -> (artifact id: '532767f08f5ba7c44208bac44d6c883f') in 0.022404 seconds
  Import took 0.025542 seconds .

========================================================================
Received Import Request.
  Time since last request: 0.001675 seconds.
  path: Packages/com.unity.2d.animation/Editor/Assets/SkinningModule/Icons/Light/Bone_Influence@3x.png
  artifactKey: Guid(cee9dbe90b270c944ae1dabf41c93b10) Importer(815301076,1909f56bfc062723c751e8b465ee728b)
Start importing Packages/com.unity.2d.animation/Editor/Assets/SkinningModule/Icons/Light/Bone_Influence@3x.png using Guid(cee9dbe90b270c944ae1dabf41c93b10) Importer(815301076,1909f56bfc062723c751e8b465ee728b)  -> (artifact id: '532767f08f5ba7c44208bac44d6c883f') in 0.007097 seconds
  Import took 0.009942 seconds .

========================================================================
Received Import Request.
  Time since last request: 4.578581 seconds.
  path: Packages/com.unity.2d.animation/Editor/Assets/SkinningModule/Icons/Dark/d_Bone.png
  artifactKey: Guid(fc2eaf4b0441b7645960252182c27446) Importer(815301076,1909f56bfc062723c751e8b465ee728b)
Start importing Packages/com.unity.2d.animation/Editor/Assets/SkinningModule/Icons/Dark/d_Bone.png using Guid(fc2eaf4b0441b7645960252182c27446) Importer(815301076,1909f56bfc062723c751e8b465ee728b)  -> (artifact id: '3718179f51dc125ab24d771883433293') in 0.020036 seconds
  Import took 0.023201 seconds .

========================================================================
Received Import Request.
  Time since last request: 0.000188 seconds.
  path: Packages/com.unity.2d.animation/Editor/Assets/SkinningModule/Icons/Selected/d_Bone.png
  artifactKey: Guid(006a3adba8ff95144b4e779daa84bb7e) Importer(815301076,1909f56bfc062723c751e8b465ee728b)
Start importing Packages/com.unity.2d.animation/Editor/Assets/SkinningModule/Icons/Selected/d_Bone.png using Guid(006a3adba8ff95144b4e779daa84bb7e) Importer(815301076,1909f56bfc062723c751e8b465ee728b)  -> (artifact id: '117cd9f246fd5d0a7b8145d96b5ac5b0') in 0.014668 seconds
  Import took 0.017402 seconds .

========================================================================
Received Import Request.
  Time since last request: 0.000218 seconds.
  path: Packages/com.unity.2d.animation/Editor/Assets/SkinningModule/Icons/Dark/d_Bone.png
  artifactKey: Guid(fc2eaf4b0441b7645960252182c27446) Importer(815301076,1909f56bfc062723c751e8b465ee728b)
Start importing Packages/com.unity.2d.animation/Editor/Assets/SkinningModule/Icons/Dark/d_Bone.png using Guid(fc2eaf4b0441b7645960252182c27446) Importer(815301076,1909f56bfc062723c751e8b465ee728b)  -> (artifact id: '3718179f51dc125ab24d771883433293') in 0.012143 seconds
  Import took 0.014748 seconds .

========================================================================
Received Import Request.
  Time since last request: 0.000189 seconds.
  path: Packages/com.unity.2d.animation/Editor/Assets/SkinningModule/Icons/Selected/d_Bone@2x.png
  artifactKey: Guid(24cf210708c57674b894af3341b1738b) Importer(815301076,1909f56bfc062723c751e8b465ee728b)
Start importing Packages/com.unity.2d.animation/Editor/Assets/SkinningModule/Icons/Selected/d_Bone@2x.png using Guid(24cf210708c57674b894af3341b1738b) Importer(815301076,1909f56bfc062723c751e8b465ee728b)  -> (artifact id: '80ad2fe51b1955544d0a619bf6602916') in 0.017935 seconds
  Import took 0.020746 seconds .

========================================================================
Received Import Request.
  Time since last request: 0.000188 seconds.
  path: Packages/com.unity.2d.animation/Editor/Assets/SkinningModule/Icons/Selected/d_Bone.png
  artifactKey: Guid(006a3adba8ff95144b4e779daa84bb7e) Importer(815301076,1909f56bfc062723c751e8b465ee728b)
Start importing Packages/com.unity.2d.animation/Editor/Assets/SkinningModule/Icons/Selected/d_Bone.png using Guid(006a3adba8ff95144b4e779daa84bb7e) Importer(815301076,1909f56bfc062723c751e8b465ee728b)  -> (artifact id: '117cd9f246fd5d0a7b8145d96b5ac5b0') in 0.015807 seconds
  Import took 0.018499 seconds .

========================================================================
Received Import Request.
  Time since last request: 0.000185 seconds.
  path: Packages/com.unity.2d.animation/Editor/Assets/SkinningModule/Icons/Selected/d_Bone@2x.png
  artifactKey: Guid(24cf210708c57674b894af3341b1738b) Importer(815301076,1909f56bfc062723c751e8b465ee728b)
Start importing Packages/com.unity.2d.animation/Editor/Assets/SkinningModule/Icons/Selected/d_Bone@2x.png using Guid(24cf210708c57674b894af3341b1738b) Importer(815301076,1909f56bfc062723c751e8b465ee728b)  -> (artifact id: '80ad2fe51b1955544d0a619bf6602916') in 0.011431 seconds
  Import took 0.014176 seconds .

========================================================================
Received Import Request.
  Time since last request: 21.354754 seconds.
  path: Assets/script/bullet.prefab
  artifactKey: Guid(d7395f3330e59c1419d23fc85e7b8f0c) Importer(815301076,1909f56bfc062723c751e8b465ee728b)
Start importing Assets/script/bullet.prefab using Guid(d7395f3330e59c1419d23fc85e7b8f0c) Importer(815301076,1909f56bfc062723c751e8b465ee728b)  -> (artifact id: '283ecc57c885821262a47e8d575897f7') in 0.031727 seconds
  Import took 0.034593 seconds .

========================================================================
Received Import Request.
  Time since last request: 0.000515 seconds.
  path: Assets/script/bullet.prefab
  artifactKey: Guid(d7395f3330e59c1419d23fc85e7b8f0c) Importer(815301076,1909f56bfc062723c751e8b465ee728b)
Start importing Assets/script/bullet.prefab using Guid(d7395f3330e59c1419d23fc85e7b8f0c) Importer(815301076,1909f56bfc062723c751e8b465ee728b)  -> (artifact id: '283ecc57c885821262a47e8d575897f7') in 0.007214 seconds
  Import took 0.009890 seconds .

========================================================================
Received Import Request.
  Time since last request: 84.840194 seconds.
  path: Assets/ChomperDEATH_Paint_01.png
  artifactKey: Guid(f6382820f900961408c3d5da5a250b38) Importer(815301076,1909f56bfc062723c751e8b465ee728b)
Start importing Assets/ChomperDEATH_Paint_01.png using Guid(f6382820f900961408c3d5da5a250b38) Importer(815301076,1909f56bfc062723c751e8b465ee728b)  -> (artifact id: '6893959624e4625ba179d93d74cd9952') in 0.019585 seconds
  Import took 0.022921 seconds .

========================================================================
Received Import Request.
  Time since last request: 0.000189 seconds.
  path: Assets/ChomperDEATH_Paint_09.png
  artifactKey: Guid(5fd63c3966249f34dae721e754e5d6c7) Importer(815301076,1909f56bfc062723c751e8b465ee728b)
Start importing Assets/ChomperDEATH_Paint_09.png using Guid(5fd63c3966249f34dae721e754e5d6c7) Importer(815301076,1909f56bfc062723c751e8b465ee728b)  -> (artifact id: '07e882d07a34e7a794cab8cefa6af8d0') in 0.015075 seconds
  Import took 0.017919 seconds .

========================================================================
Received Import Request.
  Time since last request: 0.000227 seconds.
  path: Assets/ChomperWalk_00009.png
  artifactKey: Guid(9a2d211c80cc51844b3997583dfc99e2) Importer(815301076,1909f56bfc062723c751e8b465ee728b)
Start importing Assets/ChomperWalk_00009.png using Guid(9a2d211c80cc51844b3997583dfc99e2) Importer(815301076,1909f56bfc062723c751e8b465ee728b)  -> (artifact id: 'd321fe5f7523a206df4d836cb08c0179') in 0.018354 seconds
  Import took 0.021805 seconds .

========================================================================
Received Import Request.
  Time since last request: 0.000242 seconds.
  path: Assets/ChomperWalk_00019.png
  artifactKey: Guid(24b9c59519747ac4ead6f89659953aba) Importer(815301076,1909f56bfc062723c751e8b465ee728b)
Start importing Assets/ChomperWalk_00019.png using Guid(24b9c59519747ac4ead6f89659953aba) Importer(815301076,1909f56bfc062723c751e8b465ee728b)  -> (artifact id: '01c25cdb954bd8b9bbf437c2beab6059') in 0.011033 seconds
  Import took 0.013984 seconds .

========================================================================
Received Import Request.
  Time since last request: 0.000172 seconds.
  path: Assets/ChomperWalk_00015.png
  artifactKey: Guid(51a56de39d7e9ae4bacb95b5a4267322) Importer(815301076,1909f56bfc062723c751e8b465ee728b)
Start importing Assets/ChomperWalk_00015.png using Guid(51a56de39d7e9ae4bacb95b5a4267322) Importer(815301076,1909f56bfc062723c751e8b465ee728b)  -> (artifact id: 'a5a9db36bc92ac636b1dd3470f1eeacb') in 0.009540 seconds
  Import took 0.012192 seconds .

========================================================================
Received Import Request.
  Time since last request: 0.000161 seconds.
  path: Assets/ChomperWalk_00011.png
  artifactKey: Guid(28a978eb9be24804f8ed2c5011cb0c72) Importer(815301076,1909f56bfc062723c751e8b465ee728b)
Start importing Assets/ChomperWalk_00011.png using Guid(28a978eb9be24804f8ed2c5011cb0c72) Importer(815301076,1909f56bfc062723c751e8b465ee728b)  -> (artifact id: '8f1827945e3ce3f25caae293fc87430f') in 0.011268 seconds
  Import took 0.013828 seconds .

========================================================================
Received Import Request.
  Time since last request: 0.000188 seconds.
  path: Assets/ChomperDEATH_Paint_11.png
  artifactKey: Guid(b0e216838048b3f44b676873dd98d299) Importer(815301076,1909f56bfc062723c751e8b465ee728b)
Start importing Assets/ChomperDEATH_Paint_11.png using Guid(b0e216838048b3f44b676873dd98d299) Importer(815301076,1909f56bfc062723c751e8b465ee728b)  -> (artifact id: '979304c108b8f673a82d288949ac229d') in 0.010782 seconds
  Import took 0.013457 seconds .

========================================================================
Received Import Request.
  Time since last request: 0.000155 seconds.
  path: Assets/ChomperDEATH_Paint_05.png
  artifactKey: Guid(1ec4f46bb5ee9b240b741233983a8a33) Importer(815301076,1909f56bfc062723c751e8b465ee728b)
Start importing Assets/ChomperDEATH_Paint_05.png using Guid(1ec4f46bb5ee9b240b741233983a8a33) Importer(815301076,1909f56bfc062723c751e8b465ee728b)  -> (artifact id: '7d3bcaf6dad4122c6e0e1e0e4cdcfd4e') in 0.010345 seconds
  Import took 0.013029 seconds .

========================================================================
Received Import Request.
  Time since last request: 0.000148 seconds.
  path: Assets/ChomperWalk_00017.png
  artifactKey: Guid(8ce85864240818d48a6a1a4a9f8d06f2) Importer(815301076,1909f56bfc062723c751e8b465ee728b)
Start importing Assets/ChomperWalk_00017.png using Guid(8ce85864240818d48a6a1a4a9f8d06f2) Importer(815301076,1909f56bfc062723c751e8b465ee728b)  -> (artifact id: '0c0f00b990d0850ba30bc8d1e13c3946') in 0.009992 seconds
  Import took 0.012646 seconds .

========================================================================
Received Import Request.
  Time since last request: 0.000154 seconds.
  path: Assets/ChomperWalk_00007.png
  artifactKey: Guid(e478b799186a2d244abaf7f7d0cc0bc9) Importer(815301076,1909f56bfc062723c751e8b465ee728b)
Start importing Assets/ChomperWalk_00007.png using Guid(e478b799186a2d244abaf7f7d0cc0bc9) Importer(815301076,1909f56bfc062723c751e8b465ee728b)  -> (artifact id: '49a1006bf4b41698b4386c832190c6bf') in 0.009978 seconds
  Import took 0.012775 seconds .

========================================================================
Received Import Request.
  Time since last request: 0.000160 seconds.
  path: Assets/ChomperWalk_00003.png
  artifactKey: Guid(48b1569d1c37f304ea9698e9c2daeea3) Importer(815301076,1909f56bfc062723c751e8b465ee728b)
Start importing Assets/ChomperWalk_00003.png using Guid(48b1569d1c37f304ea9698e9c2daeea3) Importer(815301076,1909f56bfc062723c751e8b465ee728b)  -> (artifact id: 'f982acd8dbfcb1ded78155b901b15de0') in 0.010047 seconds
  Import took 0.012672 seconds .

========================================================================
Received Import Request.
  Time since last request: 0.000168 seconds.
  path: Assets/ChomperWalk_00007.png
  artifactKey: Guid(e478b799186a2d244abaf7f7d0cc0bc9) Importer(815301076,1909f56bfc062723c751e8b465ee728b)
Start importing Assets/ChomperWalk_00007.png using Guid(e478b799186a2d244abaf7f7d0cc0bc9) Importer(815301076,1909f56bfc062723c751e8b465ee728b)  -> (artifact id: '49a1006bf4b41698b4386c832190c6bf') in 0.009841 seconds
  Import took 0.012872 seconds .

========================================================================
Received Import Request.
  Time since last request: 0.000228 seconds.
  path: Assets/ChomperWalk_00001.png
  artifactKey: Guid(9f354a2b6bdf2d8459defd156239e71d) Importer(815301076,1909f56bfc062723c751e8b465ee728b)
Start importing Assets/ChomperWalk_00001.png using Guid(9f354a2b6bdf2d8459defd156239e71d) Importer(815301076,1909f56bfc062723c751e8b465ee728b)  -> (artifact id: '5b20d9087905ed81595e297490ab2992') in 0.012410 seconds
  Import took 0.015306 seconds .

========================================================================
Received Import Request.
  Time since last request: 0.000185 seconds.
  path: Assets/ChomperDEATH_Paint_13.png
  artifactKey: Guid(e16d27381eb41844faa4965ce1bcd25c) Importer(815301076,1909f56bfc062723c751e8b465ee728b)
Start importing Assets/ChomperDEATH_Paint_13.png using Guid(e16d27381eb41844faa4965ce1bcd25c) Importer(815301076,1909f56bfc062723c751e8b465ee728b)  -> (artifact id: '50c4f4df12acc39e791ab4427be7c3af') in 0.011015 seconds
  Import took 0.013968 seconds .

========================================================================
Received Import Request.
  Time since last request: 0.000176 seconds.
  path: Assets/ChomperWalk_00013.png
  artifactKey: Guid(9287c98cbe5cb57498763c65f03c90a1) Importer(815301076,1909f56bfc062723c751e8b465ee728b)
Start importing Assets/ChomperWalk_00013.png using Guid(9287c98cbe5cb57498763c65f03c90a1) Importer(815301076,1909f56bfc062723c751e8b465ee728b)  -> (artifact id: '9ff3c7547c0290ace4db05712b35e746') in 0.010687 seconds
  Import took 0.013829 seconds .

========================================================================
Received Import Request.
  Time since last request: 0.000184 seconds.
  path: Assets/ChomperWalk_00005.png
  artifactKey: Guid(e27cb13d8e7f44043a9cf88a2c9983af) Importer(815301076,1909f56bfc062723c751e8b465ee728b)
Start importing Assets/ChomperWalk_00005.png using Guid(e27cb13d8e7f44043a9cf88a2c9983af) Importer(815301076,1909f56bfc062723c751e8b465ee728b)  -> (artifact id: '11032e6e9872348a6a8302f6c615cb2a') in 0.011386 seconds
  Import took 0.014231 seconds .

========================================================================
Received Import Request.
  Time since last request: 0.000202 seconds.
  path: Assets/ChomperDEATH_Paint_07.png
  artifactKey: Guid(dc66b5f87db6c7b43b1109c639f35579) Importer(815301076,1909f56bfc062723c751e8b465ee728b)
Start importing Assets/ChomperDEATH_Paint_07.png using Guid(dc66b5f87db6c7b43b1109c639f35579) Importer(815301076,1909f56bfc062723c751e8b465ee728b)  -> (artifact id: '738f369eba01928bedb719910fda8c98') in 0.010308 seconds
  Import took 0.013251 seconds .

========================================================================
Received Import Request.
  Time since last request: 0.000154 seconds.
  path: Assets/ChomperDEATH_Paint_03.png
  artifactKey: Guid(ae992387791ae334e83edc7b2554aa8b) Importer(815301076,1909f56bfc062723c751e8b465ee728b)
Start importing Assets/ChomperDEATH_Paint_03.png using Guid(ae992387791ae334e83edc7b2554aa8b) Importer(815301076,1909f56bfc062723c751e8b465ee728b)  -> (artifact id: 'aeb5bec2762bdff6cc36247bb26a7729') in 0.009908 seconds
  Import took 0.012732 seconds .

========================================================================
Received Import Request.
  Time since last request: 20.564091 seconds.
  path: Assets/RangedAttack.ogg
  artifactKey: Guid(e03a5a25856e5784a909b2137503d660) Importer(815301076,1909f56bfc062723c751e8b465ee728b)
Start importing Assets/RangedAttack.ogg using Guid(e03a5a25856e5784a909b2137503d660) Importer(815301076,1909f56bfc062723c751e8b465ee728b)  -> (artifact id: '498db10012ada54c8a3ba1e32d2ac35e') in 0.021611 seconds
  Import took 0.025431 seconds .

========================================================================
Received Import Request.
  Time since last request: 821.376046 seconds.
  path: Assets/player.asset
  artifactKey: Guid(5a1031e358f3f9f41b432323dedc67fb) Importer(815301076,1909f56bfc062723c751e8b465ee728b)
Start importing Assets/player.asset using Guid(5a1031e358f3f9f41b432323dedc67fb) Importer(815301076,1909f56bfc062723c751e8b465ee728b)  -> (artifact id: '376a20c5da859102b02c9fc07c44f842') in 0.474822 seconds
  Import took 0.478121 seconds .

AssetImportWorkerClient::OnTransportError - code=2 error=End of file
